<?xml version="1.0" encoding="UTF-8"?>
<!-- Generated by org.testng.reporters.JUnitReportReporter -->
<testsuite hostname="DESKTOP-6MEMO6P" failures="0" tests="3" name="Day3_09042025.DataProviderDemo" time="12.510" errors="0" timestamp="2025-04-10T15:07:52 IST" skipped="0">
  <testcase classname="Day3_09042025.DataProviderDemo" name="searchmobile" time="4.049"/>
  <testcase classname="Day3_09042025.DataProviderDemo" name="searchmobile" time="4.138"/>
  <testcase classname="Day3_09042025.DataProviderDemo" name="searchmobile" time="4.323"/>
</testsuite> <!-- Day3_09042025.DataProviderDemo -->
