<?xml version="1.0" encoding="UTF-8"?>
<!-- Generated by org.testng.reporters.JUnitReportReporter -->
<testsuite hostname="DESKTOP-6MEMO6P" failures="0" tests="1" name="day10_22042025.HybridFramework" time="123.687" errors="0" timestamp="2025-05-02T16:06:07 IST" skipped="0">
  <testcase classname="day10_22042025.HybridFramework" name="executeMethod" time="123.687"/>
</testsuite> <!-- day10_22042025.HybridFramework -->
