<?xml version="1.0" encoding="UTF-8"?>
<!-- Generated by org.testng.reporters.JUnitReportReporter -->
<testsuite hostname="DESKTOP-6MEMO6P" failures="0" tests="1" name="Day3_09042025.DataProviderDemowithoutdataset" time="15.242" errors="0" timestamp="2025-04-10T08:31:09 IST" skipped="0">
  <testcase classname="Day3_09042025.DataProviderDemowithoutdataset" name="searchmobile" time="15.242"/>
</testsuite> <!-- Day3_09042025.DataProviderDemowithoutdataset -->
