<?xml version="1.0" encoding="UTF-8"?>
<!-- Generated by org.testng.reporters.JUnitReportReporter -->
<testsuite hostname="DESKTOP-6MEMO6P" failures="0" tests="3" name="Day3_09042025.DataProviderDemos" time="1.338" errors="0" timestamp="2025-04-12T12:26:13 IST" skipped="0">
  <testcase classname="Day3_09042025.DataProviderDemos" name="searchmobile" time="0.218"/>
  <testcase classname="Day3_09042025.DataProviderDemos" name="searchmobile" time="0.864"/>
  <testcase classname="Day3_09042025.DataProviderDemos" name="searchmobile" time="0.256"/>
</testsuite> <!-- Day3_09042025.DataProviderDemos -->
