<?xml version="1.0" encoding="UTF-8"?>
<!-- Generated by org.testng.reporters.JUnitReportReporter -->
<testsuite hostname="DESKTOP-6MEMO6P" failures="0" tests="1" name="Day3_09042025.Parent" time="8.193" errors="0" timestamp="2025-04-09T18:16:00 IST" skipped="0">
  <testcase classname="Day3_09042025.Parent" name="setup" time="8.193"/>
</testsuite> <!-- Day3_09042025.Parent -->
