<?xml version="1.0" encoding="UTF-8"?>
<!-- Generated by org.testng.reporters.JUnitReportReporter -->
<testsuite hostname="DESKTOP-6MEMO6P" failures="0" tests="2" name="day5_14042025.GroupDemo" time="0.021" errors="0" timestamp="2025-04-21T08:34:18 IST" skipped="0">
  <testcase classname="day5_14042025.GroupDemo" name="test1" time="0.018"/>
  <testcase classname="day5_14042025.GroupDemo" name="test2" time="0.003"/>
</testsuite> <!-- day5_14042025.GroupDemo -->
