<?xml version="1.0" encoding="UTF-8"?>
<!-- Generated by org.testng.reporters.JUnitReportReporter -->
<testsuite hostname="DESKTOP-6MEMO6P" failures="0" tests="2" name="Day3_09042025.DependencyMethodTestdemo" time="10.254" errors="0" timestamp="2025-04-09T18:16:00 IST" skipped="0">
  <testcase classname="Day3_09042025.DependencyMethodTestdemo" name="setup" time="8.104"/>
  <testcase classname="Day3_09042025.DependencyMethodTestdemo" name="login" time="2.150"/>
</testsuite> <!-- Day3_09042025.DependencyMethodTestdemo -->
