<?xml version="1.0" encoding="UTF-8"?>
<!-- Generated by org.testng.reporters.JUnitReportReporter -->
<testsuite hostname="DESKTOP-6MEMO6P" failures="0" tests="1" name="day7.CallingPOM" time="96.469" errors="0" timestamp="2025-04-25T19:44:55 IST" skipped="0">
  <testcase classname="day7.CallingPOM" name="executeMethods" time="96.469"/>
</testsuite> <!-- day7.CallingPOM -->
