<?xml version="1.0" encoding="UTF-8"?>
<!-- Generated by org.testng.reporters.JUnitReportReporter -->
<testsuite hostname="DESKTOP-6MEMO6P" failures="0" tests="1" name="day8_19042025.DataDrivenFrameworkDemo" time="115.142" errors="0" timestamp="2025-04-24T17:31:22 IST" skipped="0">
  <testcase classname="day8_19042025.DataDrivenFrameworkDemo" name="executeMethods" time="115.142"/>
</testsuite> <!-- day8_19042025.DataDrivenFrameworkDemo -->
