<?xml version="1.0" encoding="UTF-8"?>
<!-- Generated by org.testng.reporters.JUnitReportReporter -->
<testsuite hostname="DESKTOP-6MEMO6P" failures="0" tests="2" name="day1_testng.DemoTest" time="0.007" errors="0" timestamp="2025-05-06T22:21:46 IST" skipped="0">
  <testcase classname="day1_testng.DemoTest" name="testOne" time="0.007"/>
  <testcase classname="day1_testng.DemoTest" name="testTwo" time="0.000"/>
</testsuite> <!-- day1_testng.DemoTest -->
